<?xml version="1.0" encoding="UTF-8"?>
<!-- Generated by org.testng.reporters.JUnitXMLReporter -->
<testsuite ignored="3" hostname="DESKTOP-MJRPMF8" failures="0" tests="1" name="grouping.xml" time="5.951" errors="0" timestamp="2024-08-23T12:34:45 IST">
  <testcase classname="testScript.LoginPage_Test" name="verifyUserNameAndPasswordUsingInValidCredentials" time="0.504"/>
  <testcase classname="testScript.LoginPage_Test" name="verifyUserNameAndPasswordUsingValidCredentials" time="0.0">
    <ignored/>
  </testcase> <!-- verifyUserNameAndPasswordUsingValidCredentials -->
  <testcase classname="testScript.LoginPage_Test" name="verifyInvalidUserNameAndValidPassword" time="0.0">
    <ignored/>
  </testcase> <!-- verifyInvalidUserNameAndValidPassword -->
  <testcase classname="testScript.LoginPage_Test" name="verifyValidUserNameAndInvalidPassword" time="0.0">
    <ignored/>
  </testcase> <!-- verifyValidUserNameAndInvalidPassword -->
</testsuite> <!-- grouping.xml -->
