<?xml version="1.0" encoding="UTF-8"?>
<!-- Generated by org.testng.reporters.JUnitXMLReporter -->
<testsuite ignored="0" hostname="DESKTOP-MJRPMF8" failures="0" tests="9" name="Parallel Test" time="25.137" errors="0" timestamp="2024-08-16T12:55:30 IST">
  <testcase classname="testScript.LoginPage_Test" name="verifyInvalidUserNameAndValidPassword" time="0.967"/>
  <testcase classname="testScript.LoginPage_Test" name="verifyInvalidUserNameAndValidPassword" time="1.086"/>
  <testcase classname="testScript.LoginPage_Test" name="verifyUserNameAndPasswordUsingInValidCredentials" time="0.641"/>
  <testcase classname="testScript.LoginPage_Test" name="verifyUserNameAndPasswordUsingInValidCredentials" time="0.544"/>
  <testcase classname="testScript.LoginPage_Test" name="verifyUserNameAndPasswordUsingValidCredentials" time="0.966"/>
  <testcase classname="testScript.LoginPage_Test" name="verifyUserNameAndPasswordUsingValidCredentials" time="0.929"/>
  <testcase classname="testScript.LoginPage_Test" name="verifyValidUserNameAndInvalidPassword" time="0.655"/>
  <testcase classname="testScript.LoginPage_Test" name="verifyValidUserNameAndInvalidPassword" time="0.576"/>
  <testcase classname="testScript.SubCategorySearchPage_Test" name="verifyIsUserAbleToSearchSubCategory" time="1.639"/>
</testsuite> <!-- Parallel Test -->
