<?xml version="1.0" encoding="UTF-8"?>
<!-- Generated by org.testng.reporters.JUnitXMLReporter -->
<testsuite ignored="2" hostname="DESKTOP-MJRPMF8" failures="1" tests="4" name="Chrome Test" time="19.478" errors="0" timestamp="2024-08-23T11:47:02 IST">
  <testcase classname="testScript.LoginPage_Test" name="verifyUserNameAndPasswordUsingValidCredentials" time="0.097">
    <skipped/>
  </testcase> <!-- verifyUserNameAndPasswordUsingValidCredentials -->
  <testcase classname="testScript.LoginPage_Test" name="verifyUserNameAndPasswordUsingValidCredentials" time="0.003">
    <skipped/>
  </testcase> <!-- verifyUserNameAndPasswordUsingValidCredentials -->
  <testcase classname="testScript.LoginPage_Test" name="verifyUserNameAndPasswordUsingValidCredentials" time="0.001">
    <failure type="java.lang.NoClassDefFoundError" message="Could not initialize class org.apache.poi.xssf.usermodel.XSSFWorkbook">
      <![CDATA[java.lang.NoClassDefFoundError: Could not initialize class org.apache.poi.xssf.usermodel.XSSFWorkbook
at Utilities.Excel_Utilities.getStringData(Excel_Utilities.java:22)
at testScript.LoginPage_Test.verifyUserNameAndPasswordUsingValidCredentials(LoginPage_Test.java:25)
at java.base/java.util.ArrayList.forEach(ArrayList.java:1511)
Caused by: java.lang.ExceptionInInitializerError: Exception java.lang.NoSuchMethodError: 'java.lang.ClassLoader[] org.apache.logging.log4j.util.LoaderUtil.getClassLoaders()' [in thread "main"]
at org.apache.logging.log4j.core.impl.ThreadContextDataInjector.getServiceProviders(ThreadContextDataInjector.java:83)
at org.apache.logging.log4j.core.impl.ThreadContextDataInjector.initServiceProviders(ThreadContextDataInjector.java:73)
at org.apache.logging.log4j.core.impl.ThreadContextDataInjector.getProviders(ThreadContextDataInjector.java:285)
at org.apache.logging.log4j.core.impl.ThreadContextDataInjector.access$000(ThreadContextDataInjector.java:55)
at org.apache.logging.log4j.core.impl.ThreadContextDataInjector$ForCopyOnWriteThreadContextMap.<init>(ThreadContextDataInjector.java:226)
at org.apache.logging.log4j.core.impl.ContextDataInjectorFactory.createDefaultInjector(ContextDataInjectorFactory.java:94)
at org.apache.logging.log4j.core.impl.ContextDataInjectorFactory.createInjector(ContextDataInjectorFactory.java:71)
at org.apache.logging.log4j.core.lookup.ContextMapLookup.<init>(ContextMapLookup.java:34)
at org.apache.logging.log4j.core.lookup.Interpolator.<init>(Interpolator.java:126)
at org.apache.logging.log4j.core.config.AbstractConfiguration.<init>(AbstractConfiguration.java:129)
at org.apache.logging.log4j.core.config.NullConfiguration.<init>(NullConfiguration.java:32)
at org.apache.logging.log4j.core.LoggerContext.<clinit>(LoggerContext.java:87)
at org.apache.logging.log4j.core.selector.ClassLoaderContextSelector.createContext(ClassLoaderContextSelector.java:248)
at org.apache.logging.log4j.core.selector.ClassLoaderContextSelector.locateContext(ClassLoaderContextSelector.java:212)
at org.apache.logging.log4j.core.selector.ClassLoaderContextSelector.getContext(ClassLoaderContextSelector.java:136)
at org.apache.logging.log4j.core.selector.ClassLoaderContextSelector.getContext(ClassLoaderContextSelector.java:123)
at org.apache.logging.log4j.core.selector.ClassLoaderContextSelector.getContext(ClassLoaderContextSelector.java:117)
at org.apache.logging.log4j.core.impl.Log4jContextFactory.getContext(Log4jContextFactory.java:150)
at org.apache.logging.log4j.core.impl.Log4jContextFactory.getContext(Log4jContextFactory.java:47)
at org.apache.logging.log4j.LogManager.getContext(LogManager.java:196)
at org.apache.logging.log4j.LogManager.getLogger(LogManager.java:599)
at org.apache.poi.ooxml.POIXMLDocumentPart.<clinit>(POIXMLDocumentPart.java:56)
at Utilities.Excel_Utilities.getStringData(Excel_Utilities.java:22)
at testScript.LoginPage_Test.verifyUserNameAndPasswordUsingValidCredentials(LoginPage_Test.java:25)
... 20 more
... Removed 35 stack frames]]>
    </failure>
  </testcase> <!-- verifyUserNameAndPasswordUsingValidCredentials -->
  <testcase classname="testScript.LoginPage_Test" name="verifyUserNameAndPasswordUsingInValidCredentials" time="0.662"/>
  <testcase classname="testScript.LoginPage_Test" name="verifyInvalidUserNameAndValidPassword" time="0.0">
    <ignored/>
  </testcase> <!-- verifyInvalidUserNameAndValidPassword -->
  <testcase classname="testScript.LoginPage_Test" name="verifyValidUserNameAndInvalidPassword" time="0.0">
    <ignored/>
  </testcase> <!-- verifyValidUserNameAndInvalidPassword -->
</testsuite> <!-- Chrome Test -->
