<?xml version="1.0" encoding="UTF-8"?>
<testng-results ignored="0" total="1" passed="1" failed="0" skipped="0">
  <reporter-output>
  </reporter-output>
  <suite started-at="2024-08-23T13:18:52 IST" name="Grouping" finished-at="2024-08-23T13:18:58 IST" duration-ms="5676">
    <groups>
      <group name="smoke testing">
        <method signature="LoginPage_Test.verifyUserNameAndPasswordUsingInValidCredentials(java.lang.String,java.lang.String)[pri:0, instance:testScript.LoginPage_Test@8462f31]" name="verifyUserNameAndPasswordUsingInValidCredentials" class="testScript.LoginPage_Test"/>
      </group> <!-- smoke testing -->
    </groups>
    <test started-at="2024-08-23T13:18:52 IST" name="grouping.xml" finished-at="2024-08-23T13:18:58 IST" duration-ms="5676">
      <class name="testScript.LoginPage_Test">
        <test-method is-config="true" signature="initializeBrowser(java.lang.String)[pri:0, instance:testScript.LoginPage_Test@8462f31]" started-at="2024-08-23T13:18:52 IST" name="initializeBrowser" finished-at="2024-08-23T13:18:58 IST" duration-ms="5260" status="PASS">
          <params>
            <param index="0">
              <value>
                <![CDATA[Chrome]]>
              </value>
            </param>
          </params>
          <reporter-output>
          </reporter-output>
        </test-method> <!-- initializeBrowser -->
        <test-method signature="verifyUserNameAndPasswordUsingInValidCredentials(java.lang.String,java.lang.String)[pri:0, instance:testScript.LoginPage_Test@8462f31]" started-at="2024-08-23T13:18:58 IST" name="verifyUserNameAndPasswordUsingInValidCredentials" finished-at="2024-08-23T13:18:58 IST" duration-ms="373" status="PASS">
          <params>
            <param index="0">
              <value>
                <![CDATA[123abd]]>
              </value>
            </param>
            <param index="1">
              <value>
                <![CDATA[123dfg]]>
              </value>
            </param>
          </params>
          <reporter-output>
          </reporter-output>
        </test-method> <!-- verifyUserNameAndPasswordUsingInValidCredentials -->
      </class> <!-- testScript.LoginPage_Test -->
    </test> <!-- grouping.xml -->
  </suite> <!-- Grouping -->
</testng-results>
